0 info it worked if it ends with ok
1 verbose cli [ 'c:\\Archivos de programa\\nodejs\\node.exe',
1 verbose cli   'c:\\Archivos de programa\\nodejs\\node_modules\\npm\\bin\\npm-cli.js',
1 verbose cli   'test' ]
2 info using npm@1.2.14
3 info using node@v0.10.0
4 verbose read json c:\Documents and Settings\Administrador\Escritorio\dev\wordpress\wp-content\plugins\pull-automatically-videos\package.json
5 error Error: ENOENT, open 'c:\Documents and Settings\Administrador\Escritorio\dev\wordpress\wp-content\plugins\pull-automatically-videos\package.json'
6 error If you need help, you may report this log at:
6 error     <http://github.com/isaacs/npm/issues>
6 error or email it to:
6 error     <npm-@googlegroups.com>
7 error System Windows_NT 5.1.2600
8 error command "c:\\Archivos de programa\\nodejs\\node.exe" "c:\\Archivos de programa\\nodejs\\node_modules\\npm\\bin\\npm-cli.js" "test"
9 error cwd c:\Documents and Settings\Administrador\Escritorio\dev\wordpress\wp-content\plugins\pull-automatically-videos
10 error node -v v0.10.0
11 error npm -v 1.2.14
12 error path c:\Documents and Settings\Administrador\Escritorio\dev\wordpress\wp-content\plugins\pull-automatically-videos\package.json
13 error code ENOENT
14 error errno 34
15 verbose exit [ 34, true ]
